[35m[Appium][39m Welcome to Appium v1.22.3
[35m[Appium][39m Non-default server args:
[35m[Appium][39m   port: 61360
[35m[Appium][39m   loglevel: info
[35m[Appium][39m   tmpDir: C:\Users\Abdal\AppData\Local\Temp\\Katalon\Appium\Temp1673350267619
[35m[Appium][39m   chromedriverPort: 61361
[35m[Appium][39m Deprecated server args:
[35m[Appium][39m   [31m--chromedriver-port[39m => --default-capabilities
[35m[Appium][39m Default capabilities, which will be added to each request unless overridden by desired capabilities:
[35m[Appium][39m   chromedriverPort: 61361
[35m[Appium][39m Appium REST http interface listener started on 0.0.0.0:61360
[35m[HTTP][39m [37m-->[39m [37mGET[39m [37m/wd/hub/status[39m
[35m[HTTP][39m [90m{}[39m
[35m[HTTP][39m [37m<-- GET /wd/hub/status [39m[32m200[39m [90m5 ms - 68[39m
[35m[HTTP][39m [90m[39m
[35m[HTTP][39m [37m-->[39m [37mGET[39m [37m/wd/hub/status[39m
[35m[HTTP][39m [90m{}[39m
[35m[HTTP][39m [37m<-- GET /wd/hub/status [39m[32m200[39m [90m1 ms - 68[39m
[35m[HTTP][39m [90m[39m
[35m[HTTP][39m [37m-->[39m [37mPOST[39m [37m/wd/hub/session[39m
[35m[HTTP][39m [90m{"desiredCapabilities":{"app":"F:\\java\\Appium_project\\Apps\\testapp.apk","noReset":true,"deviceName":"OPPO CPH1729 (Android 7.1.1)","fullReset":false,"platform":"ANDROID","newCommandTimeout":1800,"platformVersion":"7.1.1","automationName":"uiautomator2","autoGrantPermissions":true,"platformName":"Android","udid":"IVY9IZ8PGQMVRCO7","systemPort":61365},"capabilities":{"firstMatch":[{"appium:app":"F:\\java\\Appium_project\\Apps\\testapp.apk","appium:autoGrantPermissions":true,"appium:automationName":"uiautomator2","appium:deviceName":"OPPO CPH1729 (Android 7.1.1)","appium:fullReset":false,"appium:newCommandTimeout":1800,"appium:noReset":true,"platform":"ANDROID","platformName":"android","appium:platformVersion":"7.1.1","appium:systemPort":61365,"appium:udid":"IVY9IZ8PGQMVRCO7"}]}}[39m
[35m[BaseDriver][39m The following capabilities are not standard capabilities and should have an extension prefix:
[35m[BaseDriver][39m   platform
[35m[BaseDriver][39m   chromedriverPort
[35m[Appium][39m Appium v1.22.3 creating new AndroidUiautomator2Driver (v1.70.1) session
[35m[BaseDriver][39m The following capabilities were provided, but are not recognized by Appium:
[35m[BaseDriver][39m   platform
[35m[BaseDriver][39m Session created with session id: 760226db-001e-45c7-8898-4b5b5ce55ced
[35m[BaseDriver][39m Using local app 'F:\java\Appium_project\Apps\testapp.apk'
[35m[ADB][39m Found 1 'build-tools' folders under 'C:\Users\Abdal\AppData\Local\Andriod\sdk' (newest first):
[35m[ADB][39m     C:/Users/Abdal/AppData/Local/Andriod/sdk/build-tools/33.0.1
[35m[ADB][39m Using 'adb.exe' from 'C:\Users\Abdal\AppData\Local\Andriod\sdk\platform-tools\adb.exe'
[35m[AndroidDriver][39m Retrieving device list
[35m[AndroidDriver][39m Using device: IVY9IZ8PGQMVRCO7
[35m[ADB][39m Using 'adb.exe' from 'C:\Users\Abdal\AppData\Local\Andriod\sdk\platform-tools\adb.exe'
[35m[ADB][39m Package name: 'io.selendroid.testapp'
[35m[ADB][39m Main activity name: '.HomeScreenActivity'
[35m[ADB][39m Using 'apksigner.jar' from 'C:\Users\Abdal\AppData\Local\Andriod\sdk\build-tools\33.0.1\lib\apksigner.jar'
[35m[ADB][39m 'C:\Users\Abdal\AppData\Roaming\npm\node_modules\appium\node_modules\appium-uiautomator2-server\apks\appium-uiautomator2-server-v4.27.0.apk' is signed with the default certificate
[35m[ADB][39m 'C:\Users\Abdal\AppData\Roaming\npm\node_modules\appium\node_modules\appium-uiautomator2-server\apks\appium-uiautomator2-server-debug-androidTest.apk' is signed with the default certificate
[35m[UiAutomator2][39m Server packages are not going to be (re)installed
[35m[ADB][39m Adding packages ["io.appium.settings","io.appium.uiautomator2.server","io.appium.uiautomator2.server.test"] to Doze whitelist
[35m[ADB][39m 'F:\java\Appium_project\Apps\testapp.apk' is signed with a non-default certificate
[35m[ADB][39m The application at 'F:\java\Appium_project\Apps\testapp.apk' will not be cached, because the device under test has confirmed the support of streamed installs
[35m[ADB][39m The installation of 'testapp.apk' took 1811ms
[35m[UiAutomator2][39m Starting UIAutomator2 server 4.27.0
[35m[UiAutomator2][39m Using UIAutomator2 server from 'C:\Users\Abdal\AppData\Roaming\npm\node_modules\appium\node_modules\appium-uiautomator2-server\apks\appium-uiautomator2-server-v4.27.0.apk' and test from 'C:\Users\Abdal\AppData\Roaming\npm\node_modules\appium\node_modules\appium-uiautomator2-server\apks\appium-uiautomator2-server-debug-androidTest.apk'
[35m[UiAutomator2][39m Waiting up to 30000ms for UiAutomator2 to be online...
[35m[WD Proxy][39m socket hang up
[35m[WD Proxy][39m socket hang up
[35m[WD Proxy][39m socket hang up
[35m[WD Proxy][39m Determined the downstream protocol as 'W3C'
[35m[AndroidDriver][39m Screen already unlocked, doing nothing
[35m[UiAutomator2][39m Starting 'io.selendroid.testapp/.HomeScreenActivity and waiting for 'io.selendroid.testapp/.HomeScreenActivity'
[35m[Appium][39m New AndroidUiautomator2Driver session created successfully, session 760226db-001e-45c7-8898-4b5b5ce55ced added to master session list
[35m[HTTP][39m [37m<-- POST /wd/hub/session [39m[32m200[39m [90m15681 ms - 1258[39m
[35m[HTTP][39m [90m[39m
[35m[HTTP][39m [37m-->[39m [37mGET[39m [37m/wd/hub/session/760226db-001e-45c7-8898-4b5b5ce55ced[39m
[35m[HTTP][39m [90m{}[39m
[35m[HTTP][39m [37m<-- GET /wd/hub/session/760226db-001e-45c7-8898-4b5b5ce55ced [39m[32m200[39m [90m12 ms - 1212[39m
[35m[HTTP][39m [90m[39m
[35m[HTTP][39m [37m-->[39m [37mGET[39m [37m/wd/hub/session/760226db-001e-45c7-8898-4b5b5ce55ced[39m
[35m[HTTP][39m [90m{}[39m
[35m[HTTP][39m [37m<-- GET /wd/hub/session/760226db-001e-45c7-8898-4b5b5ce55ced [39m[32m200[39m [90m10 ms - 1212[39m
[35m[HTTP][39m [90m[39m
[35m[HTTP][39m [37m-->[39m [37mGET[39m [37m/wd/hub/status[39m
[35m[HTTP][39m [90m{}[39m
[35m[HTTP][39m [37m<-- GET /wd/hub/status [39m[32m200[39m [90m1 ms - 68[39m
[35m[HTTP][39m [90m[39m
[35m[HTTP][39m [37m-->[39m [37mPOST[39m [37m/wd/hub/session/760226db-001e-45c7-8898-4b5b5ce55ced/timeouts[39m
[35m[HTTP][39m [90m{"implicit":60000}[39m
[35m[HTTP][39m [37m<-- POST /wd/hub/session/760226db-001e-45c7-8898-4b5b5ce55ced/timeouts [39m[32m200[39m [90m3 ms - 14[39m
[35m[HTTP][39m [90m[39m
[35m[HTTP][39m [37m-->[39m [37mGET[39m [37m/wd/hub/session/760226db-001e-45c7-8898-4b5b5ce55ced/source[39m
[35m[HTTP][39m [90m{}[39m
[35m[W3C (760226db)][39m Driver proxy active, passing request on via HTTP proxy
[35m[WD Proxy][39m Replacing sessionId 1472d69b-6f47-42bc-b928-182f89425f90 with 760226db-001e-45c7-8898-4b5b5ce55ced
[35m[HTTP][39m [37m<-- GET /wd/hub/session/760226db-001e-45c7-8898-4b5b5ce55ced/source [39m[32m200[39m [90m416 ms - 13253[39m
[35m[HTTP][39m [90m[39m
[35m[HTTP][39m [37m-->[39m [37mGET[39m [37m/wd/hub/session/760226db-001e-45c7-8898-4b5b5ce55ced/screenshot[39m
[35m[HTTP][39m [90m{}[39m
[35m[HTTP][39m [37m<-- GET /wd/hub/session/760226db-001e-45c7-8898-4b5b5ce55ced/screenshot [39m[32m200[39m [90m407 ms - 182714[39m
[35m[HTTP][39m [90m[39m
[35m[HTTP][39m [37m-->[39m [37mDELETE[39m [37m/wd/hub/session/760226db-001e-45c7-8898-4b5b5ce55ced[39m
[35m[HTTP][39m [90m{}[39m
[35m[Appium][39m Removing session 760226db-001e-45c7-8898-4b5b5ce55ced from our master session list
[35m[HTTP][39m [37m<-- DELETE /wd/hub/session/760226db-001e-45c7-8898-4b5b5ce55ced [39m[32m200[39m [90m1294 ms - 14[39m
[35m[HTTP][39m [90m[39m
